RunID: 2020-03-30T04_56_23.877890
6
Load training data...
Load testing data...
p(z):
<class 'torch.distributions.normal.Normal'>
(tensor([[0., 0., 0., 0., 0., 0., 0., 0., 0., 0.]]), tensor([[0.6882, 0.7913, 0.7979, 0.9221, 0.9242, 0.9248, 0.9362, 1.2132, 1.2307,
         1.3569]], grad_fn=<SqrtBackward>))
q(z|x):
<class 'torch.distributions.normal.Normal'>
Loss function:  decomp_objective
Dataset size :  737280
Batch size :  64
Latent dimensions :  10
Starting training...
1
====> Epoch: 001 Loss: 280.5
2
====> Epoch: 002 Loss: 233.3
3
====> Epoch: 003 Loss: 229.5
4
====> Epoch: 004 Loss: 226.9
5
====> Epoch: 005 Loss: 225.0
6
====> Epoch: 006 Loss: 223.3
7
====> Epoch: 007 Loss: 221.9
8
====> Epoch: 008 Loss: 221.0
9
====> Epoch: 009 Loss: 220.2
10
====> Epoch: 010 Loss: 219.7
11
====> Epoch: 011 Loss: 219.2
12
====> Epoch: 012 Loss: 218.9
13
====> Epoch: 013 Loss: 218.7
14
====> Epoch: 014 Loss: 218.4
15
====> Epoch: 015 Loss: 218.2
16
====> Epoch: 016 Loss: 218.0
17
====> Epoch: 017 Loss: 217.8
18
====> Epoch: 018 Loss: 217.7
19
====> Epoch: 019 Loss: 217.6
20
====> Epoch: 020 Loss: 217.5
p(z) params:
(tensor([[0., 0., 0., 0., 0., 0., 0., 0., 0., 0.]], device='cuda:6'), tensor([[0.4438, 0.6496, 0.5403, 1.1127, 0.4675, 0.5543, 1.4060, 1.8619, 0.9306,
         1.0079]], device='cuda:6', grad_fn=<SqrtBackward>))
====> [ME-VAE] Time: 2215.052s or 00:36:55
