RunID: 2020-03-30T04_56_11.505951
5
Load training data...
Load testing data...
p(z):
<class 'torch.distributions.normal.Normal'>
(tensor([[0., 0., 0., 0., 0., 0., 0., 0., 0., 0.]]), tensor([[0.6882, 0.7913, 0.7979, 0.9221, 0.9242, 0.9248, 0.9362, 1.2132, 1.2307,
         1.3569]]))
q(z|x):
<class 'torch.distributions.normal.Normal'>
Loss function:  decomp_objective
Dataset size :  737280
Batch size :  64
Latent dimensions :  10
Starting training...
1
====> Epoch: 001 Loss: 274.7
2
====> Epoch: 002 Loss: 232.1
3
====> Epoch: 003 Loss: 228.1
4
====> Epoch: 004 Loss: 225.5
5
====> Epoch: 005 Loss: 223.5
6
====> Epoch: 006 Loss: 222.1
7
====> Epoch: 007 Loss: 221.3
8
====> Epoch: 008 Loss: 220.8
9
====> Epoch: 009 Loss: 220.4
10
====> Epoch: 010 Loss: 220.1
11
====> Epoch: 011 Loss: 220.0
12
====> Epoch: 012 Loss: 219.8
13
====> Epoch: 013 Loss: 219.6
14
====> Epoch: 014 Loss: 219.5
15
====> Epoch: 015 Loss: 219.4
16
====> Epoch: 016 Loss: 219.3
17
====> Epoch: 017 Loss: 219.2
18
====> Epoch: 018 Loss: 219.1
19
====> Epoch: 019 Loss: 219.0
20
====> Epoch: 020 Loss: 219.0
p(z) params:
(tensor([[0., 0., 0., 0., 0., 0., 0., 0., 0., 0.]], device='cuda:5'), tensor([[0.6882, 0.7913, 0.7979, 0.9221, 0.9242, 0.9248, 0.9362, 1.2132, 1.2307,
         1.3569]], device='cuda:5'))
====> [ME-VAE] Time: 2196.115s or 00:36:36
