RunID: 2020-03-30T04_21_00.400678
8
Load training data...
Load testing data...
p(z):
<class 'torch.distributions.normal.Normal'>
(tensor([[0., 0., 0., 0., 0., 0., 0., 0., 0., 0.]]), tensor([[0.6882, 0.7913, 0.7979, 0.9221, 0.9242, 0.9248, 0.9362, 1.2132, 1.2307,
         1.3569]]))
q(z|x):
<class 'torch.distributions.normal.Normal'>
Loss function:  decomp_objective
Dataset size :  737280
Batch size :  64
Latent dimensions :  10
Starting training...
1
====> Epoch: 001 Loss: 182.6
2
====> Epoch: 002 Loss: 132.7
3
====> Epoch: 003 Loss: 129.5
4
====> Epoch: 004 Loss: 127.4
5
====> Epoch: 005 Loss: 125.7
6
====> Epoch: 006 Loss: 124.2
7
====> Epoch: 007 Loss: 122.6
8
====> Epoch: 008 Loss: 120.9
9
====> Epoch: 009 Loss: 119.2
10
====> Epoch: 010 Loss: 117.5
11
====> Epoch: 011 Loss: 115.9
12
====> Epoch: 012 Loss: 114.5
13
====> Epoch: 013 Loss: 113.3
14
====> Epoch: 014 Loss: 112.4
15
====> Epoch: 015 Loss: 111.5
16
====> Epoch: 016 Loss: 110.8
17
====> Epoch: 017 Loss: 110.1
18
====> Epoch: 018 Loss: 109.6
19
====> Epoch: 019 Loss: 109.1
20
====> Epoch: 020 Loss: 108.6
p(z) params:
(tensor([[0., 0., 0., 0., 0., 0., 0., 0., 0., 0.]], device='cuda:8'), tensor([[0.6882, 0.7913, 0.7979, 0.9221, 0.9242, 0.9248, 0.9362, 1.2132, 1.2307,
         1.3569]], device='cuda:8'))
====> [ME-VAE] Time: 2805.064s or 00:46:45
