RunID: 2020-03-30T02_29_38.238950
8
Load training data...
Load testing data...
p(z):
<class 'torch.distributions.normal.Normal'>
(tensor([[0., 0., 0., 0., 0., 0., 0., 0., 0., 0.]]), tensor([[1., 1., 1., 1., 1., 1., 1., 1., 1., 1.]]))
q(z|x):
<class 'torch.distributions.normal.Normal'>
Loss function:  decomp_objective
Dataset size :  737280
Batch size :  64
Latent dimensions :  10
Starting training...
1
====> Epoch: 001 Loss: 142.0
2
====> Epoch: 002 Loss: 80.8
3
====> Epoch: 003 Loss: 68.2
4
====> Epoch: 004 Loss: 63.7
5
====> Epoch: 005 Loss: 61.4
6
====> Epoch: 006 Loss: 60.0
7
====> Epoch: 007 Loss: 58.9
8
====> Epoch: 008 Loss: 58.0
9
====> Epoch: 009 Loss: 57.2
10
====> Epoch: 010 Loss: 56.5
11
====> Epoch: 011 Loss: 55.8
12
====> Epoch: 012 Loss: 55.3
13
====> Epoch: 013 Loss: 54.7
14
====> Epoch: 014 Loss: 54.2
15
====> Epoch: 015 Loss: 53.7
16
====> Epoch: 016 Loss: 53.3
17
====> Epoch: 017 Loss: 52.9
18
====> Epoch: 018 Loss: 52.4
19
====> Epoch: 019 Loss: 52.1
20
====> Epoch: 020 Loss: 51.7
p(z) params:
(tensor([[0., 0., 0., 0., 0., 0., 0., 0., 0., 0.]], device='cuda:8'), tensor([[1., 1., 1., 1., 1., 1., 1., 1., 1., 1.]], device='cuda:8'))
====> [ME-VAE] Time: 2732.078s or 00:45:32
