RunID: 2020-03-30T05_42_54.400741
8
Load training data...
Load testing data...
p(z):
<class 'torch.distributions.normal.Normal'>
(tensor([[0., 0., 0., 0., 0., 0., 0., 0., 0., 0.]]), tensor([[0.6882, 0.7913, 0.7979, 0.9221, 0.9242, 0.9248, 0.9362, 1.2132, 1.2307,
         1.3569]], grad_fn=<SqrtBackward>))
q(z|x):
<class 'torch.distributions.normal.Normal'>
Loss function:  decomp_objective
Dataset size :  737280
Batch size :  64
Latent dimensions :  10
Starting training...
1
====> Epoch: 001 Loss: 223.5
2
====> Epoch: 002 Loss: 177.2
3
====> Epoch: 003 Loss: 173.6
4
====> Epoch: 004 Loss: 171.5
5
====> Epoch: 005 Loss: 170.1
6
====> Epoch: 006 Loss: 169.0
7
====> Epoch: 007 Loss: 168.1
8
====> Epoch: 008 Loss: 167.3
9
====> Epoch: 009 Loss: 166.6
10
====> Epoch: 010 Loss: 165.8
11
====> Epoch: 011 Loss: 165.2
12
====> Epoch: 012 Loss: 164.5
13
====> Epoch: 013 Loss: 163.8
14
====> Epoch: 014 Loss: 163.2
15
====> Epoch: 015 Loss: 162.6
16
====> Epoch: 016 Loss: 161.9
17
====> Epoch: 017 Loss: 161.3
18
====> Epoch: 018 Loss: 160.9
19
====> Epoch: 019 Loss: 160.4
20
====> Epoch: 020 Loss: 160.0
p(z) params:
(tensor([[0., 0., 0., 0., 0., 0., 0., 0., 0., 0.]], device='cuda:8'), tensor([[0.5297, 0.9992, 0.5635, 0.5935, 0.9351, 1.3084, 0.6726, 0.9697, 1.4205,
         1.4333]], device='cuda:8', grad_fn=<SqrtBackward>))
====> [ME-VAE] Time: 3150.837s or 00:52:30
