RunID: 2020-03-30T05_28_49.958583
8
Load training data...
Load testing data...
p(z):
<class 'torch.distributions.normal.Normal'>
(tensor([[0., 0., 0., 0., 0., 0., 0., 0., 0., 0.]]), tensor([[1., 1., 1., 1., 1., 1., 1., 1., 1., 1.]]))
q(z|x):
<class 'torch.distributions.normal.Normal'>
Loss function:  decomp_objective
Dataset size :  737280
Batch size :  64
Latent dimensions :  10
Starting training...
1
====> Epoch: 001 Loss: 167.2
2
====> Epoch: 002 Loss: 105.3
3
====> Epoch: 003 Loss: 97.9
4
====> Epoch: 004 Loss: 92.3
5
====> Epoch: 005 Loss: 87.9
6
====> Epoch: 006 Loss: 84.9
7
====> Epoch: 007 Loss: 82.8
8
====> Epoch: 008 Loss: 81.3
9
====> Epoch: 009 Loss: 80.1
10
====> Epoch: 010 Loss: 79.0
11
====> Epoch: 011 Loss: 78.2
12
====> Epoch: 012 Loss: 77.4
13
====> Epoch: 013 Loss: 76.8
14
====> Epoch: 014 Loss: 76.2
15
====> Epoch: 015 Loss: 75.7
16
====> Epoch: 016 Loss: 75.2
17
====> Epoch: 017 Loss: 74.8
18
====> Epoch: 018 Loss: 74.3
19
====> Epoch: 019 Loss: 73.9
20
====> Epoch: 020 Loss: 73.6
p(z) params:
(tensor([[0., 0., 0., 0., 0., 0., 0., 0., 0., 0.]], device='cuda:8'), tensor([[1., 1., 1., 1., 1., 1., 1., 1., 1., 1.]], device='cuda:8'))
====> [ME-VAE] Time: 3065.519s or 00:51:05
