RunID: 2020-03-30T05_27_53.397159
7
Load training data...
Load testing data...
p(z):
<class 'torch.distributions.normal.Normal'>
(tensor([[0., 0., 0., 0., 0., 0., 0., 0., 0., 0.]]), tensor([[0.6882, 0.7913, 0.7979, 0.9221, 0.9242, 0.9248, 0.9362, 1.2132, 1.2307,
         1.3569]], grad_fn=<SqrtBackward>))
q(z|x):
<class 'torch.distributions.normal.Normal'>
Loss function:  decomp_objective
Dataset size :  737280
Batch size :  64
Latent dimensions :  10
Starting training...
1
====> Epoch: 001 Loss: 182.9
2
====> Epoch: 002 Loss: 132.9
3
====> Epoch: 003 Loss: 129.6
4
====> Epoch: 004 Loss: 127.2
5
====> Epoch: 005 Loss: 124.9
6
====> Epoch: 006 Loss: 122.5
7
====> Epoch: 007 Loss: 120.2
8
====> Epoch: 008 Loss: 118.1
9
====> Epoch: 009 Loss: 116.3
10
====> Epoch: 010 Loss: 115.0
11
====> Epoch: 011 Loss: 113.8
12
====> Epoch: 012 Loss: 112.9
13
====> Epoch: 013 Loss: 112.1
14
====> Epoch: 014 Loss: 111.4
15
====> Epoch: 015 Loss: 110.8
16
====> Epoch: 016 Loss: 110.2
17
====> Epoch: 017 Loss: 109.7
18
====> Epoch: 018 Loss: 109.2
19
====> Epoch: 019 Loss: 108.7
20
====> Epoch: 020 Loss: 108.2
p(z) params:
(tensor([[0., 0., 0., 0., 0., 0., 0., 0., 0., 0.]], device='cuda:7'), tensor([[0.5091, 1.2326, 0.7389, 1.0895, 0.5392, 0.9277, 0.9718, 1.0150, 1.1036,
         1.4643]], device='cuda:7', grad_fn=<SqrtBackward>))
====> [ME-VAE] Time: 3213.382s or 00:53:33
